<?xml version="1.0" encoding="utf-8"?><testsuites name="pytest tests"><testsuite name="pytest" errors="0" failures="0" skipped="0" tests="15" time="19.292" timestamp="2026-05-06T14:45:40.947046+00:00" hostname="agent-env-12c48bc4-b6dc-4d6f-9207-a9135670d928"><testcase classname="backend.tests.test_iteration2.TestRealEmailForgotPassword" name="test_forgot_password_no_debug_otp_logs_send" time="3.371" /><testcase classname="backend.tests.test_iteration2.TestRealEmailForgotPassword" name="test_reset_password_via_mongo_otp" time="1.646" /><testcase classname="backend.tests.test_iteration2.TestRegisterRoleRestriction" name="test_register_admin_role_rejected" time="0.086" /><testcase classname="backend.tests.test_iteration2.TestRegisterRoleRestriction" name="test_register_parent_ok" time="0.510" /><testcase classname="backend.tests.test_iteration2.TestTeacherStudentCRUD" name="test_create_in_assigned_class" time="0.452" /><testcase classname="backend.tests.test_iteration2.TestTeacherStudentCRUD" name="test_create_in_unassigned_class_forbidden" time="0.071" /><testcase classname="backend.tests.test_iteration2.TestTeacherStudentCRUD" name="test_update_and_delete_respect_class_guard" time="0.592" /><testcase classname="backend.tests.test_iteration2.TestTeacherStudentCRUD" name="test_update_in_assigned_class_ok" time="0.232" /><testcase classname="backend.tests.test_iteration2.TestFileUpload" name="test_upload_image_ok_and_download" time="1.493" /><testcase classname="backend.tests.test_iteration2.TestFileUpload" name="test_reject_non_image" time="0.134" /><testcase classname="backend.tests.test_iteration2.TestFileUpload" name="test_reject_oversize" time="0.955" /><testcase classname="backend.tests.test_iteration2.TestLostFoundEmail" name="test_create_with_image_path_and_get" time="0.217" /><testcase classname="backend.tests.test_iteration2.TestLostFoundEmail" name="test_status_claimed_sends_email_and_no_double_send" time="5.521" /><testcase classname="backend.tests.test_iteration2.TestLostFoundEmail" name="test_status_resolved_sends_resolved_email" time="3.426" /><testcase classname="backend.tests.test_iteration2.TestLostFoundEmail" name="test_teacher_can_update_lostfound_status" time="0.429" /></testsuite></testsuites>