<?xml version="1.0" encoding="utf-8"?><testsuites name="pytest tests"><testsuite name="pytest" errors="0" failures="0" skipped="0" tests="21" time="11.297" timestamp="2026-05-06T15:40:06.024093+00:00" hostname="agent-env-12c48bc4-b6dc-4d6f-9207-a9135670d928"><testcase classname="tests.test_iteration3.TestLoginRequest" name="test_known_user_returns_message" time="0.690" /><testcase classname="tests.test_iteration3.TestLoginRequest" name="test_unknown_email_returns_404" time="0.293" /><testcase classname="tests.test_iteration3.TestLoginVerify" name="test_valid_otp_returns_token_and_user" time="0.918" /><testcase classname="tests.test_iteration3.TestLoginVerify" name="test_reuse_of_otp_rejected" time="1.702" /><testcase classname="tests.test_iteration3.TestLoginVerify" name="test_expired_otp_returns_400" time="0.229" /><testcase classname="tests.test_iteration3.TestAuthMe" name="test_me_returns_admin_user" time="1.088" /><testcase classname="tests.test_iteration3.TestDeprecated" name="test_removed[/auth/register-POST-body0]" time="0.141" /><testcase classname="tests.test_iteration3.TestDeprecated" name="test_removed[/auth/verify-otp-POST-body1]" time="0.231" /><testcase classname="tests.test_iteration3.TestDeprecated" name="test_removed[/auth/resend-otp-POST-body2]" time="0.140" /><testcase classname="tests.test_iteration3.TestDeprecated" name="test_removed[/auth/login-POST-body3]" time="0.147" /><testcase classname="tests.test_iteration3.TestDeprecated" name="test_removed[/auth/forgot-password-POST-body4]" time="0.139" /><testcase classname="tests.test_iteration3.TestDeprecated" name="test_removed[/auth/reset-password-POST-body5]" time="0.219" /><testcase classname="tests.test_iteration3.TestTeacherCreateNoPassword" name="test_create_teacher_no_password" time="0.289" /><testcase classname="tests.test_iteration3.TestTeacherCreateNoPassword" name="test_create_teacher_ignores_password_field" time="0.254" /><testcase classname="tests.test_iteration3.TestStudentParentAutoCreate" name="test_admin_create_student_auto_creates_parent" time="0.674" /><testcase classname="tests.test_iteration3.TestStudentParentAutoCreate" name="test_admin_update_student_parent_email_creates_parent" time="0.617" /><testcase classname="tests.test_iteration3.TestStudentParentAutoCreate" name="test_teacher_create_student_auto_parent_and_class_enforcement" time="1.053" /><testcase classname="tests.test_iteration3.TestSeed" name="test_no_old_admin" time="0.001" /><testcase classname="tests.test_iteration3.TestSeed" name="test_new_admin_exists" time="0.001" /><testcase classname="tests.test_iteration3.TestSeed" name="test_demo_users_have_no_password_hash" time="0.001" /><testcase classname="tests.test_iteration3.TestLostFound" name="test_claim_triggers_email" time="2.324" /></testsuite></testsuites>