<?xml version="1.0" encoding="utf-8"?><testsuites name="pytest tests"><testsuite name="pytest" errors="0" failures="0" skipped="0" tests="47" time="28.781" timestamp="2026-05-06T14:46:46.450475+00:00" hostname="agent-env-12c48bc4-b6dc-4d6f-9207-a9135670d928"><testcase classname="backend.tests.backend_test" name="test_health" time="0.319" /><testcase classname="backend.tests.backend_test.TestAuth" name="test_login_admin" time="0.291" /><testcase classname="backend.tests.backend_test.TestAuth" name="test_login_teacher" time="0.298" /><testcase classname="backend.tests.backend_test.TestAuth" name="test_login_parent" time="0.286" /><testcase classname="backend.tests.backend_test.TestAuth" name="test_login_invalid" time="0.296" /><testcase classname="backend.tests.backend_test.TestAuth" name="test_register_and_verify_via_mongo_otp" time="0.604" /><testcase classname="backend.tests.backend_test.TestAuth" name="test_register_duplicate" time="0.066" /><testcase classname="backend.tests.backend_test.TestAuth" name="test_verify_otp_invalid" time="0.060" /><testcase classname="backend.tests.backend_test.TestAuth" name="test_me_endpoint" time="0.358" /><testcase classname="backend.tests.backend_test.TestAuth" name="test_me_no_token" time="0.061" /><testcase classname="backend.tests.backend_test.TestAuth" name="test_forgot_reset_password" time="2.213" /><testcase classname="backend.tests.backend_test.TestRoleAccess" name="test_parent_cannot_access_admin" time="0.353" /><testcase classname="backend.tests.backend_test.TestRoleAccess" name="test_teacher_cannot_access_admin" time="0.354" /><testcase classname="backend.tests.backend_test.TestRoleAccess" name="test_parent_cannot_mark_attendance" time="0.083" /><testcase classname="backend.tests.backend_test.TestAdminAnalytics" name="test_analytics_structure" time="0.071" /><testcase classname="backend.tests.backend_test.TestAdminTeachers" name="test_teachers_crud" time="0.618" /><testcase classname="backend.tests.backend_test.TestAdminStudents" name="test_students_crud" time="0.321" /><testcase classname="backend.tests.backend_test.TestAdminStudents" name="test_attendance_report" time="0.159" /><testcase classname="backend.tests.backend_test.TestTeacher" name="test_my_classes" time="0.073" /><testcase classname="backend.tests.backend_test.TestTeacher" name="test_students_in_class" time="0.061" /><testcase classname="backend.tests.backend_test.TestTeacher" name="test_mark_and_get_attendance" time="0.256" /><testcase classname="backend.tests.backend_test.TestTeacher" name="test_homework_crud" time="0.203" /><testcase classname="backend.tests.backend_test.TestTeacher" name="test_notes_crud" time="0.218" /><testcase classname="backend.tests.backend_test.TestTeacher" name="test_performance" time="0.194" /><testcase classname="backend.tests.backend_test.TestParent" name="test_children" time="0.068" /><testcase classname="backend.tests.backend_test.TestParent" name="test_child_attendance_homework_results_timetable" time="0.391" /><testcase classname="backend.tests.backend_test.TestParent" name="test_other_parent_child_forbidden" time="0.064" /><testcase classname="backend.tests.backend_test.TestSharedFeatures" name="test_announcements_role_filter_and_crud" time="0.293" /><testcase classname="backend.tests.backend_test.TestSharedFeatures" name="test_parent_cannot_create_announcement" time="0.070" /><testcase classname="backend.tests.backend_test.TestSharedFeatures" name="test_events_crud_admin" time="0.260" /><testcase classname="backend.tests.backend_test.TestSharedFeatures" name="test_lost_found_flow" time="0.397" /><testcase classname="backend.tests.backend_test.TestSharedFeatures" name="test_profile_update" time="0.130" /><testcase classname="backend.tests.test_iteration2.TestRealEmailForgotPassword" name="test_forgot_password_no_debug_otp_logs_send" time="3.355" /><testcase classname="backend.tests.test_iteration2.TestRealEmailForgotPassword" name="test_reset_password_via_mongo_otp" time="1.714" /><testcase classname="backend.tests.test_iteration2.TestRegisterRoleRestriction" name="test_register_admin_role_rejected" time="0.087" /><testcase classname="backend.tests.test_iteration2.TestRegisterRoleRestriction" name="test_register_parent_ok" time="0.571" /><testcase classname="backend.tests.test_iteration2.TestTeacherStudentCRUD" name="test_create_in_assigned_class" time="0.493" /><testcase classname="backend.tests.test_iteration2.TestTeacherStudentCRUD" name="test_create_in_unassigned_class_forbidden" time="0.083" /><testcase classname="backend.tests.test_iteration2.TestTeacherStudentCRUD" name="test_update_and_delete_respect_class_guard" time="0.621" /><testcase classname="backend.tests.test_iteration2.TestTeacherStudentCRUD" name="test_update_in_assigned_class_ok" time="0.325" /><testcase classname="backend.tests.test_iteration2.TestFileUpload" name="test_upload_image_ok_and_download" time="1.374" /><testcase classname="backend.tests.test_iteration2.TestFileUpload" name="test_reject_non_image" time="0.151" /><testcase classname="backend.tests.test_iteration2.TestFileUpload" name="test_reject_oversize" time="0.645" /><testcase classname="backend.tests.test_iteration2.TestLostFoundEmail" name="test_create_with_image_path_and_get" time="0.235" /><testcase classname="backend.tests.test_iteration2.TestLostFoundEmail" name="test_status_claimed_sends_email_and_no_double_send" time="5.533" /><testcase classname="backend.tests.test_iteration2.TestLostFoundEmail" name="test_status_resolved_sends_resolved_email" time="3.447" /><testcase classname="backend.tests.test_iteration2.TestLostFoundEmail" name="test_teacher_can_update_lostfound_status" time="0.453" /></testsuite></testsuites>