<?xml version="1.0" encoding="utf-8"?><testsuites name="pytest tests"><testsuite name="pytest" errors="0" failures="2" skipped="0" tests="32" time="7.763" timestamp="2026-05-06T14:46:04.653561+00:00" hostname="agent-env-12c48bc4-b6dc-4d6f-9207-a9135670d928"><testcase classname="backend.tests.backend_test" name="test_health" time="0.226" /><testcase classname="backend.tests.backend_test.TestAuth" name="test_login_admin" time="0.291" /><testcase classname="backend.tests.backend_test.TestAuth" name="test_login_teacher" time="0.295" /><testcase classname="backend.tests.backend_test.TestAuth" name="test_login_parent" time="0.298" /><testcase classname="backend.tests.backend_test.TestAuth" name="test_login_invalid" time="0.288" /><testcase classname="backend.tests.backend_test.TestAuth" name="test_register_returns_otp_debug" time="0.509"><failure message="AssertionError: assert ('otp_debug' in {'email': 'test_12926d4e@school.com', 'message': 'Registered. Check your email for the OTP code to activate your account.'})">E   AssertionError: assert ('otp_debug' in {'email': 'test_12926d4e@school.com', 'message': 'Registered. Check your email for the OTP code to activate your account.'})</failure></testcase><testcase classname="backend.tests.backend_test.TestAuth" name="test_register_duplicate" time="0.066" /><testcase classname="backend.tests.backend_test.TestAuth" name="test_verify_otp_invalid" time="0.074" /><testcase classname="backend.tests.backend_test.TestAuth" name="test_me_endpoint" time="0.358" /><testcase classname="backend.tests.backend_test.TestAuth" name="test_me_no_token" time="0.068" /><testcase classname="backend.tests.backend_test.TestAuth" name="test_forgot_reset_password" time="0.455"><failure message="KeyError: 'otp_debug'">E   KeyError: 'otp_debug'</failure></testcase><testcase classname="backend.tests.backend_test.TestRoleAccess" name="test_parent_cannot_access_admin" time="0.349" /><testcase classname="backend.tests.backend_test.TestRoleAccess" name="test_teacher_cannot_access_admin" time="0.365" /><testcase classname="backend.tests.backend_test.TestRoleAccess" name="test_parent_cannot_mark_attendance" time="0.065" /><testcase classname="backend.tests.backend_test.TestAdminAnalytics" name="test_analytics_structure" time="0.080" /><testcase classname="backend.tests.backend_test.TestAdminTeachers" name="test_teachers_crud" time="0.635" /><testcase classname="backend.tests.backend_test.TestAdminStudents" name="test_students_crud" time="0.336" /><testcase classname="backend.tests.backend_test.TestAdminStudents" name="test_attendance_report" time="0.159" /><testcase classname="backend.tests.backend_test.TestTeacher" name="test_my_classes" time="0.066" /><testcase classname="backend.tests.backend_test.TestTeacher" name="test_students_in_class" time="0.072" /><testcase classname="backend.tests.backend_test.TestTeacher" name="test_mark_and_get_attendance" time="0.267" /><testcase classname="backend.tests.backend_test.TestTeacher" name="test_homework_crud" time="0.199" /><testcase classname="backend.tests.backend_test.TestTeacher" name="test_notes_crud" time="0.201" /><testcase classname="backend.tests.backend_test.TestTeacher" name="test_performance" time="0.198" /><testcase classname="backend.tests.backend_test.TestParent" name="test_children" time="0.065" /><testcase classname="backend.tests.backend_test.TestParent" name="test_child_attendance_homework_results_timetable" time="0.400" /><testcase classname="backend.tests.backend_test.TestParent" name="test_other_parent_child_forbidden" time="0.067" /><testcase classname="backend.tests.backend_test.TestSharedFeatures" name="test_announcements_role_filter_and_crud" time="0.269" /><testcase classname="backend.tests.backend_test.TestSharedFeatures" name="test_parent_cannot_create_announcement" time="0.065" /><testcase classname="backend.tests.backend_test.TestSharedFeatures" name="test_events_crud_admin" time="0.277" /><testcase classname="backend.tests.backend_test.TestSharedFeatures" name="test_lost_found_flow" time="0.449" /><testcase classname="backend.tests.backend_test.TestSharedFeatures" name="test_profile_update" time="0.130" /></testsuite></testsuites>